2022-08-09 18:22:26,533 ERROR Hello! I'm error in your app. Enjoy:) D:\E\Python\Dev\_NewsPortal_IPG\NewsPortal\NewsPortal\urls.py None
2022-08-09 18:29:09,628 ERROR Hello! I'm error in your app. Enjoy:) D:\E\Python\Dev\_NewsPortal_IPG\NewsPortal\NewsPortal\urls.py None
2022-08-09 18:29:12,082 ERROR "GET / HTTP/1.1" 500 59 D:\E\Python\Dev\_NewsPortal_IPG\venv\lib\site-packages\django\core\servers\basehttp.py None
2022-08-09 18:31:12,901 ERROR "GET / HTTP/1.1" 500 59 D:\E\Python\Dev\_NewsPortal_IPG\venv\lib\site-packages\django\core\servers\basehttp.py None
2022-08-09 18:31:28,095 ERROR Hello! I'm error in your app. Enjoy:) D:\E\Python\Dev\_NewsPortal_IPG\NewsPortal\NewsPortal\urls.py None
2022-08-09 18:31:30,133 ERROR "GET / HTTP/1.1" 500 59 D:\E\Python\Dev\_NewsPortal_IPG\venv\lib\site-packages\django\core\servers\basehttp.py None
2022-08-09 18:31:32,103 ERROR "GET / HTTP/1.1" 500 59 D:\E\Python\Dev\_NewsPortal_IPG\venv\lib\site-packages\django\core\servers\basehttp.py None
2022-08-09 18:32:03,618 ERROR "GET / HTTP/1.1" 500 59 D:\E\Python\Dev\_NewsPortal_IPG\venv\lib\site-packages\django\core\servers\basehttp.py None
2022-08-09 18:32:11,374 ERROR "GET /admin/ HTTP/1.1" 500 59 D:\E\Python\Dev\_NewsPortal_IPG\venv\lib\site-packages\django\core\servers\basehttp.py None
2022-08-09 18:32:38,949 ERROR Hello! I'm error in your app. Enjoy:) D:\E\Python\Dev\_NewsPortal_IPG\NewsPortal\NewsPortal\urls.py None
2022-08-09 18:32:39,359 ERROR "GET /admin/ HTTP/1.1" 500 59 D:\E\Python\Dev\_NewsPortal_IPG\venv\lib\site-packages\django\core\servers\basehttp.py None
2022-08-09 18:33:31,634 ERROR Hello! I'm error in your app. Enjoy:) D:\E\Python\Dev\_NewsPortal_IPG\NewsPortal\NewsPortal\urls.py None
2022-08-09 18:34:02,591 ERROR Hello! I'm error in your app. Enjoy:) D:\E\Python\Dev\_NewsPortal_IPG\NewsPortal\NewsPortal\urls.py None
2022-08-09 18:34:05,554 ERROR "GET /admin/ HTTP/1.1" 500 59 D:\E\Python\Dev\_NewsPortal_IPG\venv\lib\site-packages\django\core\servers\basehttp.py None
2022-08-09 18:34:25,310 ERROR "GET / HTTP/1.1" 500 59 D:\E\Python\Dev\_NewsPortal_IPG\venv\lib\site-packages\django\core\servers\basehttp.py None
2022-08-09 18:34:45,532 ERROR Hello! I'm error in your app. Enjoy:) D:\E\Python\Dev\_NewsPortal_IPG\NewsPortal\NewsPortal\urls.py None
2022-08-09 18:34:48,070 ERROR "GET / HTTP/1.1" 500 59 D:\E\Python\Dev\_NewsPortal_IPG\venv\lib\site-packages\django\core\servers\basehttp.py None
2022-08-09 18:35:01,134 ERROR Hello! I'm error in your app. Enjoy:) D:\E\Python\Dev\_NewsPortal_IPG\NewsPortal\NewsPortal\urls.py None
2022-08-09 18:35:03,733 ERROR "GET / HTTP/1.1" 500 59 D:\E\Python\Dev\_NewsPortal_IPG\venv\lib\site-packages\django\core\servers\basehttp.py None
2022-08-09 18:35:27,319 ERROR Hello! I'm error in your app. Enjoy:) D:\E\Python\Dev\_NewsPortal_IPG\NewsPortal\NewsPortal\urls.py None
2022-08-09 18:35:50,864 ERROR Hello! I'm error in your app. Enjoy:) D:\E\Python\Dev\_NewsPortal_IPG\NewsPortal\NewsPortal\urls.py None
2022-08-09 18:35:52,715 ERROR "GET / HTTP/1.1" 500 59 D:\E\Python\Dev\_NewsPortal_IPG\venv\lib\site-packages\django\core\servers\basehttp.py None
2022-08-09 18:36:03,004 ERROR Hello! I'm error in your app. Enjoy:) D:\E\Python\Dev\_NewsPortal_IPG\NewsPortal\NewsPortal\urls.py None
2022-08-09 18:36:49,834 ERROR Hello! I'm error in your app. Enjoy:) D:\E\Python\Dev\_NewsPortal_IPG\NewsPortal\NewsPortal\urls.py None
2022-08-09 18:36:53,224 ERROR Hello! I'm error in your app. Enjoy:) D:\E\Python\Dev\_NewsPortal_IPG\NewsPortal\NewsPortal\urls.py None
2022-08-09 18:38:42,468 ERROR Hello! I'm error in your app. Enjoy:) D:\E\Python\Dev\_NewsPortal_IPG\NewsPortal\NewsPortal\urls.py None
2022-08-09 18:38:46,523 ERROR "GET /post/news/ HTTP/1.1" 500 59 D:\E\Python\Dev\_NewsPortal_IPG\venv\lib\site-packages\django\core\servers\basehttp.py None
2022-08-09 18:38:54,250 ERROR "GET /post/news/ HTTP/1.1" 500 59 D:\E\Python\Dev\_NewsPortal_IPG\venv\lib\site-packages\django\core\servers\basehttp.py None
2022-08-09 18:38:58,429 ERROR "GET /post/news/ HTTP/1.1" 500 59 D:\E\Python\Dev\_NewsPortal_IPG\venv\lib\site-packages\django\core\servers\basehttp.py None
2022-08-09 18:38:59,815 ERROR "GET /post/articls/ HTTP/1.1" 500 59 D:\E\Python\Dev\_NewsPortal_IPG\venv\lib\site-packages\django\core\servers\basehttp.py None
2022-08-09 18:39:01,927 ERROR "GET /post/news/ HTTP/1.1" 500 59 D:\E\Python\Dev\_NewsPortal_IPG\venv\lib\site-packages\django\core\servers\basehttp.py None
2022-08-09 18:39:11,588 ERROR Hello! I'm error in your app. Enjoy:) D:\E\Python\Dev\_NewsPortal_IPG\NewsPortal\NewsPortal\urls.py None
2022-08-09 18:39:26,610 ERROR Hello! I'm error in your app. Enjoy:) D:\E\Python\Dev\_NewsPortal_IPG\NewsPortal\NewsPortal\urls.py None
2022-08-09 18:39:38,370 ERROR Hello! I'm error in your app. Enjoy:) D:\E\Python\Dev\_NewsPortal_IPG\NewsPortal\NewsPortal\urls.py None
2022-08-09 18:39:54,804 ERROR Hello! I'm error in your app. Enjoy:) D:\E\Python\Dev\_NewsPortal_IPG\NewsPortal\NewsPortal\urls.py None
2022-08-09 18:42:23,612 ERROR Hello! I'm error in your app. Enjoy:) D:\E\Python\Dev\_NewsPortal_IPG\NewsPortal\NewsPortal\urls.py None
2022-08-09 18:42:25,200 ERROR "GET / HTTP/1.1" 500 59 D:\E\Python\Dev\_NewsPortal_IPG\venv\lib\site-packages\django\core\servers\basehttp.py None
2022-08-09 18:43:31,244 ERROR Hello! I'm error in your app. Enjoy:) D:\E\Python\Dev\_NewsPortal_IPG\NewsPortal\NewsPortal\urls.py None
2022-08-09 18:49:33,716 ERROR Hello! I'm error in your app. Enjoy:) D:\E\Python\Dev\_NewsPortal_IPG\NewsPortal\NewsPortal\urls.py None
2022-08-09 18:54:20,102 ERROR Hello! I'm error in your app. Enjoy:) D:\E\Python\Dev\_NewsPortal_IPG\NewsPortal\NewsPortal\urls.py None
